\BOOKMARK [0][-]{chapter*.6}{Literaturverzeichnis}{}% 1
\BOOKMARK [0][-]{chapter.1}{Theorie}{}% 2
\BOOKMARK [1][-]{section.1.1}{Einleitung}{chapter.1}% 3
\BOOKMARK [1][-]{section.1.2}{Aufgabenstellung}{chapter.1}% 4
\BOOKMARK [1][-]{section.1.3}{Relevanz des Forschungsgegenstandes}{chapter.1}% 5
\BOOKMARK [1][-]{section.1.4}{Der aktuelle Wissensstand}{chapter.1}% 6
\BOOKMARK [1][-]{section.1.5}{Testrechner}{chapter.1}% 7
\BOOKMARK [1][-]{section.1.6}{Der Aufbau des Alten Testaments}{chapter.1}% 8
\BOOKMARK [1][-]{section.1.7}{ARFF}{chapter.1}% 9
\BOOKMARK [1][-]{section.1.8}{Wie kann das AT in das ARFF-Format \374berf\374hrt werden?}{chapter.1}% 10
\BOOKMARK [1][-]{section.1.9}{Analyse Text2ARFFConverter}{chapter.1}% 11
\BOOKMARK [1][-]{section.1.10}{Entwurf Text2ARFFConverter}{chapter.1}% 12
\BOOKMARK [1][-]{section.1.11}{Nach welchen W\366rter sollte geclustert werden?}{chapter.1}% 13
\BOOKMARK [1][-]{section.1.12}{H\374rden beim Einlesen der ARFF-Datei}{chapter.1}% 14
\BOOKMARK [1][-]{section.1.13}{SimpleKMeans}{chapter.1}% 15
\BOOKMARK [1][-]{section.1.14}{Weitere Cluster-Algorithmen}{chapter.1}% 16
\BOOKMARK [1][-]{section.1.15}{geclusterte Instanzen wieder in Verse verwandeln}{chapter.1}% 17
\BOOKMARK [0][-]{chapter.2}{Umsetzung}{}% 18
\BOOKMARK [1][-]{section.2.1}{Zusammenfassung}{chapter.2}% 19
\BOOKMARK [1][-]{section.2.2}{Ausblick}{chapter.2}% 20
\BOOKMARK [0][-]{appendix.A}{Codebeispiele}{}% 21
\BOOKMARK [0][-]{appendix.B}{Arbeitsaufteilung}{}% 22
\BOOKMARK [0][-]{appendix.C}{Eigenst\344ndigkeitserkl\344rung}{}% 23
