<<<<<<< HEAD
This is pdfTeX, Version 3.1415926-2.4-1.40.13 (MiKTeX 2.9) (preloaded format=pdflatex 2012.7.9)  11 JUL 2012 14:43
=======
This is pdfTeX, Version 3.1415926-2.3-1.40.12 (MiKTeX 2.9) (preloaded format=pdflatex 2012.1.16)  11 JUL 2012 10:27
>>>>>>> 182b2a4f250985f4bc5c3d4bb6a76c5be033690b
entering extended mode
**C:/Users/Syzyryk/Data/Beleg/master.tex
(C:/Users/Syzyryk/Data/Beleg/master.tex
LaTeX2e <2011/06/27>
Babel <v3.8m> and hyphenation patterns for english, afrikaans, ancientgreek, ar
abic, armenian, assamese, basque, bengali, bokmal, bulgarian, catalan, coptic, 
croatian, czech, danish, dutch, esperanto, estonian, farsi, finnish, french, ga
lician, german, german-x-2012-05-30, greek, gujarati, hindi, hungarian, iceland
ic, indonesian, interlingua, irish, italian, kannada, kurmanji, latin, latvian,
 lithuanian, malayalam, marathi, mongolian, mongolianlmc, monogreek, ngerman, n
german-x-2012-05-30, nynorsk, oriya, panjabi, pinyin, polish, portuguese, roman
ian, russian, sanskrit, serbian, slovak, slovenian, spanish, swedish, swissgerm
an, tamil, telugu, turkish, turkmen, ukenglish, ukrainian, uppersorbian, usengl
ishmax, welsh, loaded.
("C:\Program Files (x86)\MiKTeX 2.9\tex\latex\koma-script\scrreprt.cls"
Document Class: scrreprt 2012/05/15 v3.11 KOMA-Script document class (report)
("C:\Program Files (x86)\MiKTeX 2.9\tex\latex\koma-script\scrkbase.sty"
Package: scrkbase 2012/05/15 v3.11 KOMA-Script package (KOMA-Script-dependent b
asics and keyval usage)

("C:\Program Files (x86)\MiKTeX 2.9\tex\latex\koma-script\scrbase.sty"
Package: scrbase 2012/05/15 v3.11 KOMA-Script package (KOMA-Script-independent 
basics and keyval usage)

("C:\Program Files (x86)\MiKTeX 2.9\tex\latex\graphics\keyval.sty"
Package: keyval 1999/03/16 v1.13 key=value parser (DPC)
\KV@toks@=\toks14
)
("C:\Program Files (x86)\MiKTeX 2.9\tex\latex\koma-script\scrlfile.sty"
Package: scrlfile 2011/03/09 v3.09 KOMA-Script package (loading files)

Package scrlfile, 2011/03/09 v3.09 KOMA-Script package (loading files)
                  Copyright (C) Markus Kohm

))) ("C:\Program Files (x86)\MiKTeX 2.9\tex\latex\koma-script\tocbasic.sty"
Package: tocbasic 2012/04/04 v3.10b KOMA-Script package (handling toc-files)
)
Package tocbasic Info: omitting babel extension for `toc'
(tocbasic)             because of feature `nobabel' available
(tocbasic)             for `toc' on input line 117.
Package tocbasic Info: omitting babel extension for `lof'
(tocbasic)             because of feature `nobabel' available
(tocbasic)             for `lof' on input line 118.
Package tocbasic Info: omitting babel extension for `lot'
(tocbasic)             because of feature `nobabel' available
(tocbasic)             for `lot' on input line 119.
Package scrreprt Info: You've used obsolete option `12pt'.
(scrreprt)             \KOMAExecuteOptions{fontsize=12pt} will be
(scrreprt)             used instead.
(scrreprt)             You may simply replace `12pt'
(scrreprt)             by `fontsize=12pt'.
Class scrreprt Info: You've used standard option `oneside'.
(scrreprt)           This is correct!
(scrreprt)           Internally I'm using `twoside=false'.
(scrreprt)           If you'd like to set the option with \KOMAoptions,
(scrreprt)           you'd have to use `twoside=false' there
(scrreprt)           instead of `oneside', too.


Class scrreprt Warning: You've used obsolete option `bibtotoc'.
(scrreprt)              Usage of this option indicates an old document and
(scrreprt)              changes compatibility level using
(scrreprt)              `bibliography=totoc,version=first'.
(scrreprt)              If you don't want this, you should simply replace
(scrreprt)              usage of option `bibtotoc' by `bibliography=totoc'.

Class scrreprt Info: Switching compatibility level to `first'.
Class scrreprt Info: File `scrsize12pt.clo' used to setup font sizes on input l
ine 1365.
("C:\Program Files (x86)\MiKTeX 2.9\tex\latex\koma-script\scrsize12pt.clo"
File: scrsize12pt.clo 2012/05/15 v3.11 KOMA-Script font size class option (12pt
)
)
("C:\Program Files (x86)\MiKTeX 2.9\tex\latex\koma-script\typearea.sty"
Package: typearea 2012/05/15 v3.11 KOMA-Script package (type area)

Package typearea, 2012/05/15 v3.11 KOMA-Script package (type area)
                  Copyright (C) Frank Neukam, 1992-1994
                  Copyright (C) Markus Kohm, 1994-

\ta@bcor=\skip41
\ta@div=\count79
Package typearea Info: You've used standard option `a4paper'.
(typearea)             This is correct!
(typearea)             Internally I'm using `paper=a4'.
(typearea)             If you'd like to set the option with \KOMAoptions,
(typearea)             you'd have to use `paper=a4' there
(typearea)             instead of `a4paper', too.
Package typearea Info: You've used standard option `oneside'.
(typearea)             This is correct!
(typearea)             Internally I'm using `twoside=false'.
(typearea)             If you'd like to set the option with \KOMAoptions,
(typearea)             you'd have to use `twoside=false' there
(typearea)             instead of `oneside', too.
\ta@hblk=\skip42
\ta@vblk=\skip43
\ta@temp=\skip44
Package typearea Info: These are the values describing the layout:
(typearea)             DIV  = 12
(typearea)             BCOR = 0.0pt
(typearea)             \paperwidth      = 597.50793pt
(typearea)              \textwidth      = 448.13095pt
(typearea)              DIV departure   = -6%
(typearea)              \evensidemargin = 2.4185pt
(typearea)              \oddsidemargin  = 2.4185pt
(typearea)             \paperheight     = 845.04694pt
(typearea)              \textheight     = 635.5pt
(typearea)              \topmargin      = -41.72441pt
(typearea)              \headheight     = 18.125pt
(typearea)              \headsep        = 21.75pt
(typearea)              \topskip        = 12.0pt
(typearea)              \footskip       = 50.75pt
(typearea)              \baselineskip   = 14.5pt
(typearea)              on input line 1211.
)
\c@part=\count80
\c@chapter=\count81
\c@section=\count82
\c@subsection=\count83
\c@subsubsection=\count84
\c@paragraph=\count85
\c@subparagraph=\count86
\abovecaptionskip=\skip45
\belowcaptionskip=\skip46
\c@pti@nb@sid@b@x=\box26
\c@figure=\count87
\c@table=\count88
\bibindent=\dimen102
) ("C:\Program Files (x86)\MiKTeX 2.9\tex\latex\base\inputenc.sty"
Package: inputenc 2008/03/30 v1.1d Input encoding file
\inpenc@prehook=\toks15
\inpenc@posthook=\toks16

("C:\Program Files (x86)\MiKTeX 2.9\tex\latex\base\latin9.def"
File: latin9.def 2008/03/30 v1.1d Input encoding file
))
("C:\Program Files (x86)\MiKTeX 2.9\tex\generic\babel\babel.sty"
Package: babel 2008/07/08 v3.8m The Babel package

*************************************
* Local config file bblopts.cfg used
*
("C:\Program Files (x86)\MiKTeX 2.9\tex\latex\00miktex\bblopts.cfg"
File: bblopts.cfg 2006/07/31 v1.0 MiKTeX 'babel' configuration
)
("C:\Program Files (x86)\MiKTeX 2.9\tex\generic\babel\ngermanb.ldf"
Language: ngermanb 2008/07/06 v2.6n new German support from the babel system

("C:\Program Files (x86)\MiKTeX 2.9\tex\generic\babel\babel.def"
File: babel.def 2008/07/08 v3.8m Babel common definitions
\babel@savecnt=\count89
\U@D=\dimen103
)
\l@naustrian = a dialect from \language\l@ngerman 
Package babel Info: Making " an active character on input line 92.
))
("C:\Program Files (x86)\MiKTeX 2.9\tex\latex\listings\listings.sty"
\lst@mode=\count90
\lst@gtempboxa=\box27
\lst@token=\toks17
\lst@length=\count91
\lst@currlwidth=\dimen104
\lst@column=\count92
\lst@pos=\count93
\lst@lostspace=\dimen105
\lst@width=\dimen106
\lst@newlines=\count94
\lst@lineno=\count95
\lst@maxwidth=\dimen107

("C:\Program Files (x86)\MiKTeX 2.9\tex\latex\listings\lstmisc.sty"
File: lstmisc.sty 2007/02/22 1.4 (Carsten Heinz)
\c@lstnumber=\count96
\lst@skipnumbers=\count97
\lst@framebox=\box28
)
("C:\Program Files (x86)\MiKTeX 2.9\tex\latex\listings\listings.cfg"
File: listings.cfg 2007/02/22 1.4 listings configuration
))
Package: listings 2007/02/22 1.4 (Carsten Heinz)

("C:\Program Files (x86)\MiKTeX 2.9\tex\latex\graphics\graphicx.sty"
Package: graphicx 1999/02/16 v1.0f Enhanced LaTeX Graphics (DPC,SPQR)

("C:\Program Files (x86)\MiKTeX 2.9\tex\latex\graphics\graphics.sty"
Package: graphics 2009/02/05 v1.0o Standard LaTeX Graphics (DPC,SPQR)

("C:\Program Files (x86)\MiKTeX 2.9\tex\latex\graphics\trig.sty"
Package: trig 1999/03/16 v1.09 sin cos tan (DPC)
)
("C:\Program Files (x86)\MiKTeX 2.9\tex\latex\00miktex\graphics.cfg"
File: graphics.cfg 2007/01/18 v1.5 graphics configuration of teTeX/TeXLive
)
Package graphics Info: Driver file: pdftex.def on input line 91.

("C:\Program Files (x86)\MiKTeX 2.9\tex\latex\pdftex-def\pdftex.def"
File: pdftex.def 2011/05/27 v0.06d Graphics/color for pdfTeX

("C:\Program Files (x86)\MiKTeX 2.9\tex\generic\oberdiek\infwarerr.sty"
Package: infwarerr 2010/04/08 v1.3 Providing info/warning/error messages (HO)
)
("C:\Program Files (x86)\MiKTeX 2.9\tex\generic\oberdiek\ltxcmds.sty"
Package: ltxcmds 2011/11/09 v1.22 LaTeX kernel commands for general use (HO)
)
\Gread@gobject=\count98
))
\Gin@req@height=\dimen108
\Gin@req@width=\dimen109
)
(C:\Users\Syzyryk\Data\Beleg\BachelorThesis.sty
Package: BachelorThesis 

("C:\Program Files (x86)\MiKTeX 2.9\tex\latex\koma-script\scrpage.sty"
Package: scrpage 2008/02/29 v1.3e KOMA-Script package
LaTeX Info: Redefining \pagemark on input line 78.
)
("C:\Program Files (x86)\MiKTeX 2.9\tex\latex\base\ifthen.sty"
Package: ifthen 2001/05/26 v1.1c Standard LaTeX ifthen package (DPC)
)
("C:\Program Files (x86)\MiKTeX 2.9\tex\latex\hyperref\hyperref.sty"
Package: hyperref 2012/05/13 v6.82q Hypertext links for LaTeX

("C:\Program Files (x86)\MiKTeX 2.9\tex\generic\oberdiek\hobsub-hyperref.sty"
Package: hobsub-hyperref 2012/04/25 v1.12 Bundle oberdiek, subset hyperref (HO)


("C:\Program Files (x86)\MiKTeX 2.9\tex\generic\oberdiek\hobsub-generic.sty"
Package: hobsub-generic 2012/04/25 v1.12 Bundle oberdiek, subset generic (HO)
Package: hobsub 2012/04/25 v1.12 Construct package bundles (HO)
Package hobsub Info: Skipping package `infwarerr' (already loaded).
Package hobsub Info: Skipping package `ltxcmds' (already loaded).
Package: ifluatex 2010/03/01 v1.3 Provides the ifluatex switch (HO)
Package ifluatex Info: LuaTeX not detected.
Package: ifvtex 2010/03/01 v1.5 Detect VTeX and its facilities (HO)
Package ifvtex Info: VTeX not detected.
Package: intcalc 2007/09/27 v1.1 Expandable calculations with integers (HO)
Package: ifpdf 2011/01/30 v2.3 Provides the ifpdf switch (HO)
Package ifpdf Info: pdfTeX in PDF mode is detected.
Package: etexcmds 2011/02/16 v1.5 Avoid name clashes with e-TeX commands (HO)
Package etexcmds Info: Could not find \expanded.
(etexcmds)             That can mean that you are not using pdfTeX 1.50 or
(etexcmds)             that some package has redefined \expanded.
(etexcmds)             In the latter case, load this package earlier.
Package: kvsetkeys 2012/04/25 v1.16 Key value parser (HO)
Package: kvdefinekeys 2011/04/07 v1.3 Define keys (HO)
Package: pdftexcmds 2011/11/29 v0.20 Utility functions of pdfTeX for LuaTeX (HO
)
Package pdftexcmds Info: LuaTeX not detected.
Package pdftexcmds Info: \pdf@primitive is available.
Package pdftexcmds Info: \pdf@ifprimitive is available.
Package pdftexcmds Info: \pdfdraftmode found.
Package: pdfescape 2011/11/25 v1.13 Implements pdfTeX's escape features (HO)
Package: bigintcalc 2012/04/08 v1.3 Expandable calculations on big integers (HO
)
Package: bitset 2011/01/30 v1.1 Handle bit-vector datatype (HO)
Package: uniquecounter 2011/01/30 v1.2 Provide unlimited unique counter (HO)
)
Package hobsub Info: Skipping package `hobsub' (already loaded).
Package: letltxmacro 2010/09/02 v1.4 Let assignment for LaTeX macros (HO)
Package: hopatch 2011/06/24 v1.1 Wrapper for package hooks (HO)
Package: xcolor-patch 2011/01/30 xcolor patch
Package: atveryend 2011/06/30 v1.8 Hooks at the very end of document (HO)
Package atveryend Info: \enddocument detected (standard20110627).
Package: atbegshi 2011/10/05 v1.16 At begin shipout hook (HO)
Package: refcount 2011/10/16 v3.4 Data extraction from label references (HO)
Package: hycolor 2011/01/30 v1.7 Color options for hyperref/bookmark (HO)
)
("C:\Program Files (x86)\MiKTeX 2.9\tex\generic\ifxetex\ifxetex.sty"
Package: ifxetex 2010/09/12 v0.6 Provides ifxetex conditional
)
("C:\Program Files (x86)\MiKTeX 2.9\tex\latex\oberdiek\kvoptions.sty"
Package: kvoptions 2011/06/30 v3.11 Key value format for package options (HO)
)
\@linkdim=\dimen110
\Hy@linkcounter=\count99
\Hy@pagecounter=\count100

("C:\Program Files (x86)\MiKTeX 2.9\tex\latex\hyperref\pd1enc.def"
File: pd1enc.def 2012/05/13 v6.82q Hyperref: PDFDocEncoding definition (HO)
)
\Hy@SavedSpaceFactor=\count101

("C:\Program Files (x86)\MiKTeX 2.9\tex\latex\00miktex\hyperref.cfg"
File: hyperref.cfg 2002/06/06 v1.2 hyperref configuration of TeXLive
)
Package hyperref Info: Hyper figures OFF on input line 4062.
Package hyperref Info: Link nesting OFF on input line 4067.
Package hyperref Info: Hyper index ON on input line 4070.
Package hyperref Info: Plain pages OFF on input line 4077.
Package hyperref Info: Backreferencing OFF on input line 4082.
Package hyperref Info: Implicit mode ON; LaTeX internals redefined.
Package hyperref Info: Bookmarks ON on input line 4300.
\c@Hy@tempcnt=\count102

("C:\Program Files (x86)\MiKTeX 2.9\tex\latex\ltxmisc\url.sty"
\Urlmuskip=\muskip10
Package: url 2006/04/12  ver 3.3  Verb mode for urls, etc.
)
LaTeX Info: Redefining \url on input line 4653.
\Fld@menulength=\count103
\Field@Width=\dimen111
\Fld@charsize=\dimen112
Package hyperref Info: Hyper figures OFF on input line 5773.
Package hyperref Info: Link nesting OFF on input line 5778.
Package hyperref Info: Hyper index ON on input line 5781.
Package hyperref Info: backreferencing OFF on input line 5788.
Package hyperref Info: Link coloring OFF on input line 5793.
Package hyperref Info: Link coloring with OCG OFF on input line 5798.
Package hyperref Info: PDF/A mode OFF on input line 5803.
LaTeX Info: Redefining \ref on input line 5843.
LaTeX Info: Redefining \pageref on input line 5847.
\Hy@abspage=\count104
\c@Item=\count105
\c@Hfootnote=\count106
)

Package hyperref Message: Driver (autodetected): hpdftex.

("C:\Program Files (x86)\MiKTeX 2.9\tex\latex\hyperref\hpdftex.def"
File: hpdftex.def 2012/05/13 v6.82q Hyperref driver for pdfTeX
\Fld@listcount=\count107
\c@bookmark@seq@number=\count108

("C:\Program Files (x86)\MiKTeX 2.9\tex\latex\oberdiek\rerunfilecheck.sty"
Package: rerunfilecheck 2011/04/15 v1.7 Rerun checks for auxiliary files (HO)
Package uniquecounter Info: New unique counter `rerunfilecheck' on input line 2
82.
)
\Hy@SectionHShift=\skip47
)
("C:\Program Files (x86)\MiKTeX 2.9\tex\latex\geometry\geometry.sty"
Package: geometry 2010/09/12 v5.6 Page Geometry
\Gm@cnth=\count109
\Gm@cntv=\count110
\c@Gm@tempcnt=\count111
\Gm@bindingoffset=\dimen113
\Gm@wd@mp=\dimen114
\Gm@odd@mp=\dimen115
\Gm@even@mp=\dimen116
\Gm@layoutwidth=\dimen117
\Gm@layoutheight=\dimen118
\Gm@layouthoffset=\dimen119
\Gm@layoutvoffset=\dimen120
\Gm@dimlist=\toks18

("C:\Program Files (x86)\MiKTeX 2.9\tex\latex\geometry\geometry.cfg"))
("C:\Program Files (x86)\MiKTeX 2.9\tex\latex\graphics\color.sty"
Package: color 2005/11/14 v1.0j Standard LaTeX Color (DPC)

("C:\Program Files (x86)\MiKTeX 2.9\tex\latex\00miktex\color.cfg"
File: color.cfg 2007/01/18 v1.5 color configuration of teTeX/TeXLive
)
Package color Info: Driver file: pdftex.def on input line 130.
))
Package hyperref Info: Option `colorlinks' set `true' on input line 31.

(C:\Users\Syzyryk\Data\Beleg\master.aux)
LaTeX Font Info:    Checking defaults for OML/cmm/m/it on input line 33.
LaTeX Font Info:    ... okay on input line 33.
LaTeX Font Info:    Checking defaults for T1/cmr/m/n on input line 33.
LaTeX Font Info:    ... okay on input line 33.
LaTeX Font Info:    Checking defaults for OT1/cmr/m/n on input line 33.
LaTeX Font Info:    ... okay on input line 33.
LaTeX Font Info:    Checking defaults for OMS/cmsy/m/n on input line 33.
LaTeX Font Info:    ... okay on input line 33.
LaTeX Font Info:    Checking defaults for OMX/cmex/m/n on input line 33.
LaTeX Font Info:    ... okay on input line 33.
LaTeX Font Info:    Checking defaults for U/cmr/m/n on input line 33.
LaTeX Font Info:    ... okay on input line 33.
LaTeX Font Info:    Checking defaults for PD1/pdf/m/n on input line 33.
LaTeX Font Info:    ... okay on input line 33.
\c@lstlisting=\count112

("C:\Program Files (x86)\MiKTeX 2.9\tex\context\base\supp-pdf.mkii"
[Loading MPS to PDF converter (version 2006.09.02).]
\scratchcounter=\count113
\scratchdimen=\dimen121
\scratchbox=\box29
\nofMPsegments=\count114
\nofMParguments=\count115
\everyMPshowfont=\toks19
\MPscratchCnt=\count116
\MPscratchDim=\dimen122
\MPnumerator=\count117
\makeMPintoPDFobject=\count118
\everyMPtoPDFconversion=\toks20
)
\AtBeginShipoutBox=\box30
Package hyperref Info: Link coloring ON on input line 33.
 ("C:\Program Files (x86)\MiKTeX 2.9\tex\latex\hyperref\nameref.sty"
Package: nameref 2010/04/30 v2.40 Cross-referencing by name of section

("C:\Program Files (x86)\MiKTeX 2.9\tex\generic\oberdiek\gettitlestring.sty"
Package: gettitlestring 2010/12/03 v1.4 Cleanup title references (HO)
)
\c@section@level=\count119
)
LaTeX Info: Redefining \ref on input line 33.
LaTeX Info: Redefining \pageref on input line 33.
LaTeX Info: Redefining \nameref on input line 33.

(C:\Users\Syzyryk\Data\Beleg\master.out)
(C:\Users\Syzyryk\Data\Beleg\master.out)
\@outlinefile=\write3

*geometry* driver: auto-detecting
*geometry* detected driver: pdftex
*geometry* verbose mode - [ preamble ] result:
* driver: pdftex
* paper: a4paper
* layout: <same size as paper>
* layoutoffset:(h,v)=(0.0pt,0.0pt)
* modes: 
* h-part:(L,W,R)=(89.62709pt, 418.25368pt, 89.6271pt)
* v-part:(T,H,B)=(99.58464pt, 644.05556pt, 101.40665pt)
* \paperwidth=597.50787pt
* \paperheight=845.04684pt
* \textwidth=418.25368pt
* \textheight=644.05556pt
* \oddsidemargin=17.3571pt
* \evensidemargin=17.3571pt
* \topmargin=-12.56035pt
* \headheight=18.125pt
* \headsep=21.75pt
* \topskip=12.0pt
* \footskip=50.75pt
* \marginparwidth=49.79233pt
* \marginparsep=12.8401pt
* \columnsep=10.0pt
* \skip\footins=10.8pt plus 4.0pt minus 2.0pt
* \hoffset=0.0pt
* \voffset=0.0pt
* \mag=1000
* \@twocolumnfalse
* \@twosidefalse
* \@mparswitchfalse
* \@reversemarginfalse
* (1in=72.27pt=25.4mm, 1cm=28.453pt)

[1


{C:/ProgramData/MiKTeX/2.9/pdftex/config/pdftex.map}]
(C:\Users\Syzyryk\Data\Beleg\Ingo/Abstract.tex) [1]
(C:\Users\Syzyryk\Data\Beleg\master.toc
LaTeX Font Info:    External font `cmex10' loaded for size
(Font)              <12> on input line 4.
LaTeX Font Info:    External font `cmex10' loaded for size
(Font)              <8> on input line 4.
LaTeX Font Info:    External font `cmex10' loaded for size
(Font)              <6> on input line 4.
 [2

])
\tf@toc=\write4
 [3]
(C:\Users\Syzyryk\Data\Beleg\master.lof)
\tf@lof=\write5


Class scrreprt Warning: Usage of deprecated \float@listhead!
(scrreprt)              You should use the features of package `tocbasic'
(scrreprt)              instead of \float@listhead.
(scrreprt)              Definition of \float@listhead my be removed from
(scrreprt)              `scrreprt' soon, so it should not be used  on input lin
e 76.

[4

] (C:\Users\Syzyryk\Data\Beleg\master.lol)
\tf@lol=\write6
 [5

] [6

] [7

]
Kapitel 1.

Class scrreprt Warning: \float@addtolists detected!
(scrreprt)              You should use the features of package `tocbasic'
(scrreprt)              instead of \float@addtolists.
(scrreprt)              Support for \float@addtolists may be removed from
(scrreprt)              `scrreprt' soon .

(C:\Users\Syzyryk\Data\Beleg\Ingo/Einleitung.tex)
(C:\Users\Syzyryk\Data\Beleg\Ingo/Aufgabenstellung.tex)
(C:\Users\Syzyryk\Data\Beleg\Ingo/RelevanzForschungsgegenstand.tex)
(C:\Users\Syzyryk\Data\Beleg\Ingo/AktuellerWissensstand.tex [1

])
<<<<<<< HEAD
(C:\Users\Syzyryk\Data\Beleg\Ingo/Testrechner.tex)
(C:\Users\Syzyryk\Data\Beleg\Ingo/AufbauAT.tex [2]
<Ingo/Bilder/AufbauAT.png, id=225, 356.83313pt x 67.75313pt>
=======
(C:\Users\Ingo\Documents\JavaProjekte\wsDataMining\Beleg\Ingo/Testrechner.tex)
(C:\Users\Ingo\Documents\JavaProjekte\wsDataMining\Beleg\Ingo/AufbauAT.tex
[2] <Ingo/Bilder/AufbauAT.png, id=201, 356.83313pt x 67.75313pt>
>>>>>>> 182b2a4f250985f4bc5c3d4bb6a76c5be033690b
File: Ingo/Bilder/AufbauAT.png Graphic file (type png)

<use Ingo/Bilder/AufbauAT.png>
Package pdftex.def Info: Ingo/Bilder/AufbauAT.png used on input line 13.
(pdftex.def)             Requested size: 418.25368pt x 79.41866pt.
) (C:\Users\Syzyryk\Data\Beleg\Ingo/ARFF.tex
LaTeX Font Info:    Try loading font information for OMS+cmr on input line 5.

("C:\Program Files (x86)\MiKTeX 2.9\tex\latex\base\omscmr.fd"
File: omscmr.fd 1999/05/25 v2.5h Standard LaTeX font definitions
)
<<<<<<< HEAD
LaTeX Font Info:    Font shape `OMS/cmr/m/n' in size <12> not available
(Font)              Font shape `OMS/cmsy/m/n' tried instead on input line 5.
 [3 <C:/Users/Syzyryk/Data/Beleg/Ingo/Bilder/AufbauAT.png>]
=======
(C:\Users\Ingo\Documents\JavaProjekte\wsDataMining\Beleg\Ingo/ARFF.tex
LaTeX Font Info:    Try loading font information for OMS+cmr on input line 5.

("C:\Program Files (x86)\MiKTeX 2.9\tex\latex\base\omscmr.fd"
File: omscmr.fd 1999/05/25 v2.5h Standard LaTeX font definitions
)
LaTeX Font Info:    Font shape `OMS/cmr/m/n' in size <12> not available
(Font)              Font shape `OMS/cmsy/m/n' tried instead on input line 5.
 [3 <C:/Users/Ingo/Documents/JavaProjekte/wsDataMining/Beleg/Ingo/Bilder/Aufbau
AT.png>]
>>>>>>> 182b2a4f250985f4bc5c3d4bb6a76c5be033690b
Underfull \hbox (badness 10000) in paragraph at lines 16--19

 []


Underfull \hbox (badness 10000) in paragraph at lines 22--24

 []


Underfull \hbox (badness 10000) in paragraph at lines 25--35

 []

[4]
Underfull \hbox (badness 10000) in paragraph at lines 38--42

 []

) (C:\Users\Syzyryk\Data\Beleg\Christof/Clustering.tex
Underfull \hbox (badness 10000) in paragraph at lines 2--3

 []


Overfull \hbox (8.6849pt too wide) in paragraph at lines 7--9
\OT1/cmr/m/n/12 Um-grup-pie-rung der Ob-jek-te ver-bes-sert. Bei je-dem Ob-jekt
 wird []uberpr[]uft,
 []

[5] [6]
Overfull \hbox (23.2343pt too wide) in paragraph at lines 36--37
[][]\OT1/cmr/m/n/12 min-Pts\: Mit die-sem Pa-ra-me-ter wird die mi-ni-ma-le An-
zahl an $\OML/cmm/m/it/12 $\OT1/cmr/m/n/12 -erreichbaren
 []

[7]
Underfull \hbox (badness 10000) in paragraph at lines 42--43

 []


Underfull \hbox (badness 10000) in paragraph at lines 61--62

 []

[8]
Underfull \hbox (badness 10000) in paragraph at lines 64--69

 []

[9]) [10]
Kapitel 2.
<<<<<<< HEAD
(C:\Users\Syzyryk\Data\Beleg\Ingo/ATzuARFF.tex
<Ingo/Bilder/Analyseklassendiagramm_Text2ARFFConverter.png, id=277, 552.0625pt 
=======
(C:\Users\Ingo\Documents\JavaProjekte\wsDataMining\Beleg\Ingo/ATzuARFF.tex
<Ingo/Bilder/Analyseklassendiagramm_Text2ARFFConverter.png, id=219, 552.0625pt 
>>>>>>> 182b2a4f250985f4bc5c3d4bb6a76c5be033690b
x 652.4375pt>
File: Ingo/Bilder/Analyseklassendiagramm_Text2ARFFConverter.png Graphic file (t
ype png)
 <use Ingo/Bilder/Analyseklassendiagramm_Text2ARFFConverter.png>
Package pdftex.def Info: Ingo/Bilder/Analyseklassendiagramm_Text2ARFFConverter.
png used on input line 10.
(pdftex.def)             Requested size: 418.25368pt x 494.32452pt.

<<<<<<< HEAD
<Ingo/Bilder/Entwurfsklassendiagramm_Text2ARFFConverter.png, id=280, 833.1125pt
=======
<Ingo/Bilder/Entwurfsklassendiagramm_Text2ARFFConverter.png, id=222, 833.1125pt
>>>>>>> 182b2a4f250985f4bc5c3d4bb6a76c5be033690b
 x 1264.725pt>
File: Ingo/Bilder/Entwurfsklassendiagramm_Text2ARFFConverter.png Graphic file (
type png)

<use Ingo/Bilder/Entwurfsklassendiagramm_Text2ARFFConverter.png>
Package pdftex.def Info: Ingo/Bilder/Entwurfsklassendiagramm_Text2ARFFConverter
.png used on input line 21.
(pdftex.def)             Requested size: 418.25368pt x 634.9469pt.


LaTeX Warning: Float too large for page by 24.26549pt on input line 24.

<<<<<<< HEAD
) (C:\Users\Syzyryk\Data\Beleg\Ingo/WelcheWoerter.tex [11

])
(C:\Users\Syzyryk\Data\Beleg\Ingo/Probleme.tex [12 <C:/Users/Syzyryk/Data/Beleg
/Ingo/Bilder/Analyseklassendiagramm_Text2ARFFConverter.png (PNG copy)>]
[13 <C:/Users/Syzyryk/Data/Beleg/Ingo/Bilder/Entwurfsklassendiagramm_Text2ARFFC
onverter.png (PNG copy)>] [14])
(C:\Users\Syzyryk\Data\Beleg\Ingo/SimpleKMeans.tex
<Ingo/Bilder/SimpleKMeans.png, id=300, 602.25pt x 372.39125pt>
=======
)
(C:\Users\Ingo\Documents\JavaProjekte\wsDataMining\Beleg\Ingo/WelcheWoerter.tex
[6

]) (C:\Users\Ingo\Documents\JavaProjekte\wsDataMining\Beleg\Ingo/Probleme.tex [
7 <C:/Users/Ingo/Documents/JavaProjekte/wsDataMining/Beleg/Ingo/Bilder/Analysek
lassendiagramm_Text2ARFFConverter.png (PNG copy)>] [8 <C:/Users/Ingo/Documents/
JavaProjekte/wsDataMining/Beleg/Ingo/Bilder/Entwurfsklassendiagramm_Text2ARFFCo
nverter.png (PNG copy)>] [9])
(C:\Users\Ingo\Documents\JavaProjekte\wsDataMining\Beleg\Ingo/SimpleKMeans.tex
<Ingo/Bilder/SimpleKMeans.png, id=242, 602.25pt x 372.39125pt>
>>>>>>> 182b2a4f250985f4bc5c3d4bb6a76c5be033690b
File: Ingo/Bilder/SimpleKMeans.png Graphic file (type png)

<use Ingo/Bilder/SimpleKMeans.png>
Package pdftex.def Info: Ingo/Bilder/SimpleKMeans.png used on input line 6.
(pdftex.def)             Requested size: 418.25368pt x 258.63217pt.
)
(C:\Users\Syzyryk\Data\Beleg\Ingo/weitereClusterAlg.tex [15 <C:/Users/Syzyryk/D
ata/Beleg/Ingo/Bilder/SimpleKMeans.png (PNG copy)>])
(C:\Users\Syzyryk\Data\Beleg\Ingo/Text2ClusterFile.tex
Overfull \hbox (8.05858pt too wide) in paragraph at lines 4--5
[]\OT1/cmr/m/n/12 In Ab-bil-dung [][]2.4[][] auf Sei-te [][]17[][] ist das Ent-
wurfs-klas-sen-dia-gramm von Text2ClusterFile
 []


<<<<<<< HEAD
<Ingo/Bilder/AnalyseklassendiagrammText2ClusterFile.png, id=309, 702.625pt x 34
=======
<Ingo/Bilder/AnalyseklassendiagrammText2ClusterFile.png, id=251, 702.625pt x 34
>>>>>>> 182b2a4f250985f4bc5c3d4bb6a76c5be033690b
1.275pt>
File: Ingo/Bilder/AnalyseklassendiagrammText2ClusterFile.png Graphic file (type
 png)
 <use Ingo/Bilder/AnalyseklassendiagrammText2ClusterFile.png>
Package pdftex.def Info: Ingo/Bilder/AnalyseklassendiagrammText2ClusterFile.png
 used on input line 8.
(pdftex.def)             Requested size: 418.25368pt x 203.15747pt.

<<<<<<< HEAD
<Ingo/Bilder/EntwurfsklassendiagrammText2ClusterFile.png, id=310, 682.55pt x 85
=======
<Ingo/Bilder/EntwurfsklassendiagrammText2ClusterFile.png, id=252, 682.55pt x 85
>>>>>>> 182b2a4f250985f4bc5c3d4bb6a76c5be033690b
3.1875pt>
File: Ingo/Bilder/EntwurfsklassendiagrammText2ClusterFile.png Graphic file (typ
e png)
 <use Ingo/Bilder/EntwurfsklassendiagrammText2ClusterFile.png>
Package pdftex.def Info: Ingo/Bilder/EntwurfsklassendiagrammText2ClusterFile.pn
g used on input line 15.
(pdftex.def)             Requested size: 418.25368pt x 522.82602pt.
)
<<<<<<< HEAD
(C:\Users\Syzyryk\Data\Beleg\Ingo/nachVersenGeclustert.tex [16] [17 <C:/Users/S
yzyryk/Data/Beleg/Ingo/Bilder/AnalyseklassendiagrammText2ClusterFile.png (PNG c
opy)>] [18 <C:/Users/Syzyryk/Data/Beleg/Ingo/Bilder/EntwurfsklassendiagrammText
2ClusterFile.png (PNG copy)>]
<Ingo/Bilder/SimpleKMeans100Attr1024Cluster_15.png, id=338, 532.99126pt x 488.5
=======
(C:\Users\Ingo\Documents\JavaProjekte\wsDataMining\Beleg\Ingo/nachVersenGeclust
ert.tex [11] [12 <C:/Users/Ingo/Documents/JavaProjekte/wsDataMining/Beleg/Ingo/
Bilder/AnalyseklassendiagrammText2ClusterFile.png (PNG copy)>] [13 <C:/Users/In
go/Documents/JavaProjekte/wsDataMining/Beleg/Ingo/Bilder/Entwurfsklassendiagram
mText2ClusterFile.png (PNG copy)>]
<Ingo/Bilder/SimpleKMeans100Attr1024Cluster_15.png, id=280, 532.99126pt x 488.5
>>>>>>> 182b2a4f250985f4bc5c3d4bb6a76c5be033690b
7532pt>
File: Ingo/Bilder/SimpleKMeans100Attr1024Cluster_15.png Graphic file (type png)

 <use Ingo/Bilder/SimpleKMeans100Attr1024Cluster_15.png>
Package pdftex.def Info: Ingo/Bilder/SimpleKMeans100Attr1024Cluster_15.png used
 on input line 19.
(pdftex.def)             Requested size: 418.25368pt x 383.4132pt.

<<<<<<< HEAD
<Ingo/Bilder/SimpleKMeans100Attr1024Cluster_49.png, id=339, 651.18282pt x 280.0
=======
<Ingo/Bilder/SimpleKMeans100Attr1024Cluster_49.png, id=281, 651.18282pt x 280.0
>>>>>>> 182b2a4f250985f4bc5c3d4bb6a76c5be033690b
4625pt>
File: Ingo/Bilder/SimpleKMeans100Attr1024Cluster_49.png Graphic file (type png)

 <use Ingo/Bilder/SimpleKMeans100Attr1024Cluster_49.png>
Package pdftex.def Info: Ingo/Bilder/SimpleKMeans100Attr1024Cluster_49.png used
 on input line 27.
(pdftex.def)             Requested size: 418.25368pt x 179.8785pt.

<<<<<<< HEAD
<Ingo/Bilder/SimpleKMeans100Attr1024Cluster_61.png, id=340, 143.03438pt x 176.9
=======
<Ingo/Bilder/SimpleKMeans100Attr1024Cluster_61.png, id=282, 143.03438pt x 176.9
>>>>>>> 182b2a4f250985f4bc5c3d4bb6a76c5be033690b
1093pt>
File: Ingo/Bilder/SimpleKMeans100Attr1024Cluster_61.png Graphic file (type png)

 <use Ingo/Bilder/SimpleKMeans100Attr1024Cluster_61.png>
Package pdftex.def Info: Ingo/Bilder/SimpleKMeans100Attr1024Cluster_61.png used
 on input line 35.
(pdftex.def)             Requested size: 418.25368pt x 517.32335pt.

<<<<<<< HEAD
<Ingo/Bilder/SimpleKMeans100Attr1024Cluster_86.png, id=341, 660.21657pt x 97.86
=======
<Ingo/Bilder/SimpleKMeans100Attr1024Cluster_86.png, id=283, 660.21657pt x 97.86
>>>>>>> 182b2a4f250985f4bc5c3d4bb6a76c5be033690b
563pt>
File: Ingo/Bilder/SimpleKMeans100Attr1024Cluster_86.png Graphic file (type png)

 <use Ingo/Bilder/SimpleKMeans100Attr1024Cluster_86.png>
Package pdftex.def Info: Ingo/Bilder/SimpleKMeans100Attr1024Cluster_86.png used
 on input line 42.
(pdftex.def)             Requested size: 418.25368pt x 62.00061pt.

<<<<<<< HEAD
<Ingo/Bilder/SimpleKMeans100Attr1024Cluster_554.png, id=342, 691.08188pt x 259.
=======
<Ingo/Bilder/SimpleKMeans100Attr1024Cluster_554.png, id=284, 691.08188pt x 259.
>>>>>>> 182b2a4f250985f4bc5c3d4bb6a76c5be033690b
7203pt>
File: Ingo/Bilder/SimpleKMeans100Attr1024Cluster_554.png Graphic file (type png
)
 <use Ingo/Bilder/SimpleKMeans100Attr1024Cluster_554.png>
Package pdftex.def Info: Ingo/Bilder/SimpleKMeans100Attr1024Cluster_554.png use
d on input line 49.
(pdftex.def)             Requested size: 418.25368pt x 157.18872pt.

<<<<<<< HEAD
<Ingo/Bilder/SimpleKMeans1000Attr32Cluster_4.png, id=343, 873.2625pt x 392.9681
=======
<Ingo/Bilder/SimpleKMeans1000Attr32Cluster_4.png, id=285, 873.2625pt x 392.9681
>>>>>>> 182b2a4f250985f4bc5c3d4bb6a76c5be033690b
2pt>
File: Ingo/Bilder/SimpleKMeans1000Attr32Cluster_4.png Graphic file (type png)
 <use Ingo/Bilder/SimpleKMeans1000Attr32Cluster_4.png>
Package pdftex.def Info: Ingo/Bilder/SimpleKMeans1000Attr32Cluster_4.png used o
n input line 56.
(pdftex.def)             Requested size: 418.25368pt x 188.2148pt.

<<<<<<< HEAD
<Ingo/Bilder/SimpleKMeans1000Attr32Cluster_5.png, id=344, 902.6222pt x 355.3275
=======
<Ingo/Bilder/SimpleKMeans1000Attr32Cluster_5.png, id=286, 902.6222pt x 355.3275
>>>>>>> 182b2a4f250985f4bc5c3d4bb6a76c5be033690b
pt>
File: Ingo/Bilder/SimpleKMeans1000Attr32Cluster_5.png Graphic file (type png)
 <use Ingo/Bilder/SimpleKMeans1000Attr32Cluster_5.png>
Package pdftex.def Info: Ingo/Bilder/SimpleKMeans1000Attr32Cluster_5.png used o
n input line 63.
(pdftex.def)             Requested size: 418.25368pt x 164.65085pt.

<<<<<<< HEAD
<Ingo/Bilder/SimpleKMeans1000Attr32Cluster_6.png, id=345, 161.85469pt x 231.866
=======
<Ingo/Bilder/SimpleKMeans1000Attr32Cluster_6.png, id=287, 161.85469pt x 231.866
>>>>>>> 182b2a4f250985f4bc5c3d4bb6a76c5be033690b
26pt>
File: Ingo/Bilder/SimpleKMeans1000Attr32Cluster_6.png Graphic file (type png)
 <use Ingo/Bilder/SimpleKMeans1000Attr32Cluster_6.png>
Package pdftex.def Info: Ingo/Bilder/SimpleKMeans1000Attr32Cluster_6.png used o
n input line 70.
(pdftex.def)             Requested size: 418.25368pt x 599.21158pt.

<<<<<<< HEAD
<Ingo/Bilder/SimpleKMeans1000Attr32Cluster_15.png, id=346, 456.20438pt x 392.96
=======
<Ingo/Bilder/SimpleKMeans1000Attr32Cluster_15.png, id=288, 456.20438pt x 392.96
>>>>>>> 182b2a4f250985f4bc5c3d4bb6a76c5be033690b
812pt>
File: Ingo/Bilder/SimpleKMeans1000Attr32Cluster_15.png Graphic file (type png)
 <use Ingo/Bilder/SimpleKMeans1000Attr32Cluster_15.png>
Package pdftex.def Info: Ingo/Bilder/SimpleKMeans1000Attr32Cluster_15.png used 
on input line 78.
(pdftex.def)             Requested size: 418.25368pt x 360.28784pt.
)
(C:\Users\Syzyryk\Data\Beleg\Ingo/Zusammenfassung.tex)
(C:\Users\Syzyryk\Data\Beleg\Ingo/Ausblick.tex) [19 <C:/Users/Syzyryk/Data/Bele
g/Ingo/Bilder/SimpleKMeans100Attr1024Cluster_15.png>] [20 <C:/Users/Syzyryk/Dat
a/Beleg/Ingo/Bilder/SimpleKMeans100Attr1024Cluster_49.png>]
(C:\Users\Syzyryk\Data\Beleg\Arbeitsaufteilung.tex [21 <C:/Users/Syzyryk/Data/B
eleg/Ingo/Bilder/SimpleKMeans100Attr1024Cluster_61.png>] [22 <C:/Users/Syzyryk/
Data/Beleg/Ingo/Bilder/SimpleKMeans100Attr1024Cluster_86.png> <C:/Users/Syzyryk
/Data/Beleg/Ingo/Bilder/SimpleKMeans100Attr1024Cluster_554.png> <C:/Users/Syzyr
yk/Data/Beleg/Ingo/Bilder/SimpleKMeans1000Attr32Cluster_4.png>] [23 <C:/Users/S
yzyryk/Data/Beleg/Ingo/Bilder/SimpleKMeans1000Attr32Cluster_5.png>] [24 <C:/Use
rs/Syzyryk/Data/Beleg/Ingo/Bilder/SimpleKMeans1000Attr32Cluster_6.png>]
[25 <C:/Users/Syzyryk/Data/Beleg/Ingo/Bilder/SimpleKMeans1000Attr32Cluster_15.p
ng>]
Anhang A.
) [26

]
Anhang B.
Package atveryend Info: Empty hook `BeforeClearDocument' on input line 175.
[27

]
Package atveryend Info: Empty hook `AfterLastShipout' on input line 175.
 (C:\Users\Syzyryk\Data\Beleg\master.aux)
Package atveryend Info: Executing hook `AtVeryEndDocument' on input line 175.
Package atveryend Info: Executing hook `AtEndAfterFileList' on input line 175.
Package rerunfilecheck Info: File `master.out' has not changed.
(rerunfilecheck)             Checksum: 4987DE691BA5F67AC2F85F22E5B4AE38;1907.
Package atveryend Info: Empty hook `AtVeryVeryEnd' on input line 175.
 ) 
Here is how much of TeX's memory you used:
<<<<<<< HEAD
 8797 strings out of 493921
 136658 string characters out of 3144871
 255935 words of memory out of 3000000
 11834 multiletter control sequences out of 15000+200000
 9301 words of font info for 33 fonts, out of 3000000 for 9000
 841 hyphenation exceptions out of 8191
 45i,9n,55p,1045b,513s stack positions out of 5000i,500n,10000p,200000b,50000s
<C:/Program Files (x86)/MiKTeX 2.9/fonts/type1/public/amsfonts/cm/cmbx12.pfb>
<C:/Program Files (x86)/MiKTeX 2.9/fonts/type1/public/amsfonts/cm/cmmi12.pfb><C
:/Program Files (x86)/MiKTeX 2.9/fonts/type1/public/amsfonts/cm/cmr12.pfb><C:/P
rogram Files (x86)/MiKTeX 2.9/fonts/type1/public/amsfonts/cm/cmsl12.pfb><C:/Pro
gram Files (x86)/MiKTeX 2.9/fonts/type1/public/amsfonts/cm/cmssbx10.pfb><C:/Pro
gram Files (x86)/MiKTeX 2.9/fonts/type1/public/amsfonts/cm/cmsy10.pfb><C:/Progr
am Files (x86)/MiKTeX 2.9/fonts/type1/public/amsfonts/cm/cmtt12.pfb>
Output written on master.pdf (35 pages, 535665 bytes).
PDF statistics:
 456 PDF objects out of 1000 (max. 8388607)
 100 named destinations out of 1000 (max. 500000)
 292 words of extra memory for PDF output out of 10000 (max. 10000000)
=======
 8696 strings out of 494045
 136706 string characters out of 3145972
 251149 words of memory out of 3000000
 11759 multiletter control sequences out of 15000+200000
 9007 words of font info for 32 fonts, out of 3000000 for 9000
 715 hyphenation exceptions out of 8191
 45i,9n,55p,1073b,392s stack positions out of 5000i,500n,10000p,200000b,50000s
<C:/Program Files (x86)/MiKTeX 2.9/fonts/type1/public/amsfonts/cm/cmbx12.pfb>
<C:/Program Files (x86)/MiKTeX 2.9/fonts/type1/public/amsfonts/cm/cmr12.pfb><C:
/Program Files (x86)/MiKTeX 2.9/fonts/type1/public/amsfonts/cm/cmsl12.pfb><C:/P
rogram Files (x86)/MiKTeX 2.9/fonts/type1/public/amsfonts/cm/cmssbx10.pfb><C:/P
rogram Files (x86)/MiKTeX 2.9/fonts/type1/public/amsfonts/cm/cmsy10.pfb><C:/Pro
gram Files (x86)/MiKTeX 2.9/fonts/type1/public/amsfonts/cm/cmtt12.pfb>
Output written on master.pdf (29 pages, 506807 bytes).
PDF statistics:
 391 PDF objects out of 1000 (max. 8388607)
 78 named destinations out of 1000 (max. 500000)
 260 words of extra memory for PDF output out of 10000 (max. 10000000)
>>>>>>> 182b2a4f250985f4bc5c3d4bb6a76c5be033690b

